  [1m[35m (907.8ms)[0m  [1m[35mCREATE DATABASE "InstagramPro_development" ENCODING = 'unicode'[0m
  â†³ bin/rails:9
  [1m[35m (819.3ms)[0m  [1m[35mCREATE DATABASE "InstagramPro_test" ENCODING = 'unicode'[0m
  â†³ bin/rails:9
  [1m[35m (0.4ms)[0m  [1m[35mCREATE DATABASE "InstagramPro_development" ENCODING = 'unicode'[0m
  â†³ bin/rails:9
  [1m[35m (0.4ms)[0m  [1m[35mCREATE DATABASE "InstagramPro_test" ENCODING = 'unicode'[0m
  â†³ bin/rails:9
  [1m[35m (536.1ms)[0m  [1m[35mCREATE TABLE "schema_migrations" ("version" character varying NOT NULL PRIMARY KEY)[0m
  â†³ bin/rails:9
  [1m[35m (125.7ms)[0m  [1m[35mCREATE TABLE "ar_internal_metadata" ("key" character varying NOT NULL PRIMARY KEY, "value" character varying, "created_at" timestamp NOT NULL, "updated_at" timestamp NOT NULL)[0m
  â†³ bin/rails:9
  [1m[35m (0.1ms)[0m  [1m[34mSELECT pg_try_advisory_lock(8768397524681891145)[0m
  â†³ bin/rails:9
  [1m[35m (0.4ms)[0m  [1m[34mSELECT "schema_migrations"."version" FROM "schema_migrations" ORDER BY "schema_migrations"."version" ASC[0m
  â†³ bin/rails:9
Migrating to CreateUsers (20210427220627)
  [1m[35m (0.1ms)[0m  [1m[35mBEGIN[0m
  â†³ bin/rails:9
  [1m[35m (164.4ms)[0m  [1m[35mCREATE TABLE "users" ("id" bigserial primary key, "name" character varying, "email" character varying, "password_digest" character varying, "created_at" timestamp NOT NULL, "updated_at" timestamp NOT NULL)[0m
  â†³ db/migrate/20210427220627_create_users.rb:3
  [1m[36mActiveRecord::SchemaMigration Create (0.4ms)[0m  [1m[32mINSERT INTO "schema_migrations" ("version") VALUES ($1) RETURNING "version"[0m  [["version", "20210427220627"]]
  â†³ bin/rails:9
  [1m[35m (21.4ms)[0m  [1m[35mCOMMIT[0m
  â†³ bin/rails:9
Migrating to AddIndexToUsersEmail (20210427220740)
  [1m[35m (0.1ms)[0m  [1m[35mBEGIN[0m
  â†³ bin/rails:9
  [1m[35m (39.5ms)[0m  [1m[35mCREATE UNIQUE INDEX  "index_users_on_email" ON "users"  ("email")[0m
  â†³ db/migrate/20210427220740_add_index_to_users_email.rb:3
  [1m[36mActiveRecord::SchemaMigration Create (0.3ms)[0m  [1m[32mINSERT INTO "schema_migrations" ("version") VALUES ($1) RETURNING "version"[0m  [["version", "20210427220740"]]
  â†³ bin/rails:9
  [1m[35m (11.2ms)[0m  [1m[35mCOMMIT[0m
  â†³ bin/rails:9
Migrating to CreatePosts (20210428145034)
  [1m[35m (0.1ms)[0m  [1m[35mBEGIN[0m
  â†³ bin/rails:9
  [1m[35m (255.3ms)[0m  [1m[35mCREATE TABLE "posts" ("id" bigserial primary key, "content" text, "user_id" bigint, "created_at" timestamp NOT NULL, "updated_at" timestamp NOT NULL, CONSTRAINT "fk_rails_5b5ddfd518"
FOREIGN KEY ("user_id")
  REFERENCES "users" ("id")
)[0m
  â†³ db/migrate/20210428145034_create_posts.rb:3
  [1m[35m (53.0ms)[0m  [1m[35mCREATE  INDEX  "index_posts_on_user_id" ON "posts"  ("user_id")[0m
  â†³ db/migrate/20210428145034_create_posts.rb:3
  [1m[36mActiveRecord::SchemaMigration Create (0.3ms)[0m  [1m[32mINSERT INTO "schema_migrations" ("version") VALUES ($1) RETURNING "version"[0m  [["version", "20210428145034"]]
  â†³ bin/rails:9
  [1m[35m (20.7ms)[0m  [1m[35mCOMMIT[0m
  â†³ bin/rails:9
Migrating to CreateFavorites (20210428201635)
  [1m[35m (0.2ms)[0m  [1m[35mBEGIN[0m
  â†³ bin/rails:9
  [1m[35m (55.7ms)[0m  [1m[35mCREATE TABLE "favorites" ("id" bigserial primary key, "user_id" integer, "post_id" integer, "created_at" timestamp NOT NULL, "updated_at" timestamp NOT NULL)[0m
  â†³ db/migrate/20210428201635_create_favorites.rb:3
  [1m[36mActiveRecord::SchemaMigration Create (0.3ms)[0m  [1m[32mINSERT INTO "schema_migrations" ("version") VALUES ($1) RETURNING "version"[0m  [["version", "20210428201635"]]
  â†³ bin/rails:9
  [1m[35m (9.6ms)[0m  [1m[35mCOMMIT[0m
  â†³ bin/rails:9
Migrating to AddAvatarToPosts (20210509134825)
  [1m[35m (0.2ms)[0m  [1m[35mBEGIN[0m
  â†³ bin/rails:9
  [1m[35m (4.5ms)[0m  [1m[35mALTER TABLE "posts" ADD "avatar" text[0m
  â†³ db/migrate/20210509134825_add_avatar_to_posts.rb:3
  [1m[36mActiveRecord::SchemaMigration Create (0.3ms)[0m  [1m[32mINSERT INTO "schema_migrations" ("version") VALUES ($1) RETURNING "version"[0m  [["version", "20210509134825"]]
  â†³ bin/rails:9
  [1m[35m (4.2ms)[0m  [1m[35mCOMMIT[0m
  â†³ bin/rails:9
  [1m[36mActiveRecord::InternalMetadata Load (0.5ms)[0m  [1m[34mSELECT  "ar_internal_metadata".* FROM "ar_internal_metadata" WHERE "ar_internal_metadata"."key" = $1 LIMIT $2[0m  [["key", "environment"], ["LIMIT", 1]]
  â†³ bin/rails:9
  [1m[35m (0.2ms)[0m  [1m[35mBEGIN[0m
  â†³ bin/rails:9
  [1m[36mActiveRecord::InternalMetadata Create (0.5ms)[0m  [1m[32mINSERT INTO "ar_internal_metadata" ("key", "value", "created_at", "updated_at") VALUES ($1, $2, $3, $4) RETURNING "key"[0m  [["key", "environment"], ["value", "development"], ["created_at", "2021-05-10 06:12:34.032965"], ["updated_at", "2021-05-10 06:12:34.032965"]]
  â†³ bin/rails:9
  [1m[35m (7.0ms)[0m  [1m[35mCOMMIT[0m
  â†³ bin/rails:9
  [1m[35m (0.3ms)[0m  [1m[34mSELECT pg_advisory_unlock(8768397524681891145)[0m
  â†³ bin/rails:9
  [1m[35m (0.2ms)[0m  [1m[34mSELECT "schema_migrations"."version" FROM "schema_migrations" ORDER BY "schema_migrations"."version" ASC[0m
  â†³ bin/rails:9
Started GET "/posts" for 127.0.0.1 at 2021-05-10 07:13:54 +0100
  [1m[35m (0.4ms)[0m  [1m[34mSELECT "schema_migrations"."version" FROM "schema_migrations" ORDER BY "schema_migrations"."version" ASC[0m
  â†³ /home/hado/.rbenv/versions/2.6.5/lib/ruby/gems/2.6.0/gems/activerecord-5.2.6/lib/active_record/log_subscriber.rb:98
  
ActionController::RoutingError (No route matches [GET] "/posts"):
  
actionpack (5.2.6) lib/action_dispatch/middleware/debug_exceptions.rb:65:in `call'
web-console (3.7.0) lib/web_console/middleware.rb:135:in `call_app'
web-console (3.7.0) lib/web_console/middleware.rb:30:in `block in call'
web-console (3.7.0) lib/web_console/middleware.rb:20:in `catch'
web-console (3.7.0) lib/web_console/middleware.rb:20:in `call'
actionpack (5.2.6) lib/action_dispatch/middleware/show_exceptions.rb:33:in `call'
railties (5.2.6) lib/rails/rack/logger.rb:38:in `call_app'
railties (5.2.6) lib/rails/rack/logger.rb:26:in `block in call'
activesupport (5.2.6) lib/active_support/tagged_logging.rb:71:in `block in tagged'
activesupport (5.2.6) lib/active_support/tagged_logging.rb:28:in `tagged'
activesupport (5.2.6) lib/active_support/tagged_logging.rb:71:in `tagged'
railties (5.2.6) lib/rails/rack/logger.rb:26:in `call'
sprockets-rails (3.2.2) lib/sprockets/rails/quiet_assets.rb:13:in `call'
actionpack (5.2.6) lib/action_dispatch/middleware/remote_ip.rb:81:in `call'
actionpack (5.2.6) lib/action_dispatch/middleware/request_id.rb:27:in `call'
rack (2.2.3) lib/rack/method_override.rb:24:in `call'
rack (2.2.3) lib/rack/runtime.rb:22:in `call'
activesupport (5.2.6) lib/active_support/cache/strategy/local_cache_middleware.rb:29:in `call'
actionpack (5.2.6) lib/action_dispatch/middleware/executor.rb:14:in `call'
actionpack (5.2.6) lib/action_dispatch/middleware/static.rb:127:in `call'
rack (2.2.3) lib/rack/sendfile.rb:110:in `call'
railties (5.2.6) lib/rails/engine.rb:524:in `call'
puma (3.12.6) lib/puma/configuration.rb:227:in `call'
puma (3.12.6) lib/puma/server.rb:706:in `handle_request'
puma (3.12.6) lib/puma/server.rb:476:in `process_client'
puma (3.12.6) lib/puma/server.rb:334:in `block in run'
puma (3.12.6) lib/puma/thread_pool.rb:135:in `block in spawn_thread'
Started GET "/posts" for 127.0.0.1 at 2021-05-10 07:46:35 +0100
  [1m[35m (77.9ms)[0m  [1m[34mSELECT "schema_migrations"."version" FROM "schema_migrations" ORDER BY "schema_migrations"."version" ASC[0m
  â†³ /home/hado/.rbenv/versions/2.6.5/lib/ruby/gems/2.6.0/gems/activerecord-5.2.6/lib/active_record/log_subscriber.rb:98
Processing by PostsController#index as HTML
Completed 500 Internal Server Error in 10ms (ActiveRecord: 0.0ms)


  
LoadError (cannot load such file -- bcrypt):
  
app/models/user.rb:6:in `<class:User>'
app/models/user.rb:1:in `<main>'
app/helpers/sessions_helper.rb:3:in `current_user'
app/controllers/application_controller.rb:8:in `login_required'
Started GET "/posts" for 127.0.0.1 at 2021-05-10 07:47:54 +0100
Processing by PostsController#index as HTML
Completed 500 Internal Server Error in 10ms (ActiveRecord: 0.0ms)


  
LoadError (cannot load such file -- bcrypt):
  
app/models/user.rb:6:in `<class:User>'
app/models/user.rb:1:in `<main>'
app/helpers/sessions_helper.rb:3:in `current_user'
app/controllers/application_controller.rb:8:in `login_required'
Started GET "/posts" for 127.0.0.1 at 2021-05-10 07:47:58 +0100
Processing by PostsController#index as HTML
Completed 500 Internal Server Error in 3ms (ActiveRecord: 0.0ms)


  
LoadError (cannot load such file -- bcrypt):
  
app/models/user.rb:6:in `<class:User>'
app/models/user.rb:1:in `<main>'
app/helpers/sessions_helper.rb:3:in `current_user'
app/controllers/application_controller.rb:8:in `login_required'
Started GET "/posts" for 127.0.0.1 at 2021-05-10 07:48:27 +0100
  [1m[35m (0.7ms)[0m  [1m[34mSELECT "schema_migrations"."version" FROM "schema_migrations" ORDER BY "schema_migrations"."version" ASC[0m
  â†³ /home/hado/.rbenv/versions/2.6.5/lib/ruby/gems/2.6.0/gems/activerecord-5.2.6/lib/active_record/log_subscriber.rb:98
Processing by PostsController#index as HTML
  [1m[36mUser Load (0.5ms)[0m  [1m[34mSELECT  "users".* FROM "users" WHERE "users"."id" IS NULL LIMIT $1[0m  [["LIMIT", 1]]
  â†³ app/helpers/sessions_helper.rb:3
Redirected to http://localhost:3000/sessions/new
Filter chain halted as :login_required rendered or redirected
Completed 302 Found in 112ms (ActiveRecord: 2.1ms)


Started GET "/sessions/new" for 127.0.0.1 at 2021-05-10 07:48:27 +0100
Processing by SessionsController#new as HTML
  Rendering sessions/new.html.erb within layouts/application
  Rendered sessions/new.html.erb within layouts/application (79.1ms)
Completed 500 Internal Server Error in 282ms (ActiveRecord: 0.0ms)


  
ActionView::Template::Error (couldn't find file 'bootstrap/dist/css/bootstrap.min' with type 'text/css'
Checked in these paths: 
  /home/hado/workspace/InstagramPro/app/assets/config
  /home/hado/workspace/InstagramPro/app/assets/images
  /home/hado/workspace/InstagramPro/app/assets/javascripts
  /home/hado/workspace/InstagramPro/app/assets/stylesheets
  /home/hado/.rbenv/versions/2.6.5/lib/ruby/gems/2.6.0/gems/coffee-rails-4.2.2/lib/assets/javascripts
  /home/hado/.rbenv/versions/2.6.5/lib/ruby/gems/2.6.0/gems/actioncable-5.2.6/lib/assets/compiled
  /home/hado/.rbenv/versions/2.6.5/lib/ruby/gems/2.6.0/gems/activestorage-5.2.6/app/assets/javascripts
  /home/hado/.rbenv/versions/2.6.5/lib/ruby/gems/2.6.0/gems/actionview-5.2.6/lib/assets/compiled
  /home/hado/.rbenv/versions/2.6.5/lib/ruby/gems/2.6.0/gems/turbolinks-source-5.2.0/lib/assets/javascripts
  /home/hado/workspace/InstagramPro/node_modules):
     5:     <%= csrf_meta_tags %>
     6:     <%= csp_meta_tag %>
     7:     <meta name="viewport" content="width=device-width">  <!-- headå†…ã«ã“ã®ã‚¿ã‚°è¨­å®šã‚’è¿½è¨˜ã™ã‚‹ -->
     8:     <%= stylesheet_link_tag    'application', media: 'all', 'data-turbolinks-track': 'reload' %>
     9:     <%= javascript_include_tag 'application', 'data-turbolinks-track': 'reload' %>
    10:   </head>
    11: 
  
app/assets/stylesheets/application.css:13
app/views/layouts/application.html.erb:8:in `_app_views_layouts_application_html_erb__1340567428988451930_47200122015380'
